<?xml version="1.0" encoding="UTF-8"?>
<!-- Generated by org.testng.reporters.JUnitXMLReporter -->
<testsuite hostname="DESKTOP-D8Q9LKI" ignored="0" name="Surefire test" tests="3" failures="0" timestamp="2020-11-05T17:59:45 IST" time="19.719" errors="0">
  <testcase name="test01_getProjectsNameFromServerAndVerify" time="4.247" classname="SanityTests.avazaAPI"/>
  <testcase name="test02_postTasksToServerAndVerify" time="7.154" classname="SanityTests.avazaAPI"/>
  <testcase name="test03_deleteTaskFromServerAndVerify" time="5.295" classname="SanityTests.avazaAPI"/>
</testsuite> <!-- Surefire test -->
