<?xml version="1.0" encoding="UTF-8"?>
<!-- Generated by org.testng.reporters.JUnitXMLReporter -->
<testsuite hostname="DESKTOP-D8Q9LKI" ignored="0" name="API Tests" tests="3" failures="0" timestamp="2020-11-05T22:50:35 IST" time="19.574" errors="0">
  <testcase name="test01_getProjectsNameFromServerAndVerify" time="4.255" classname="SanityTests.avazaAPI"/>
  <testcase name="test02_postTasksToServerAndVerify" time="7.055" classname="SanityTests.avazaAPI"/>
  <testcase name="test03_deleteTaskFromServerAndVerify" time="5.325" classname="SanityTests.avazaAPI"/>
</testsuite> <!-- API Tests -->
