<?xml version="1.0" encoding="UTF-8"?>
<!-- Generated by org.testng.reporters.JUnitXMLReporter -->
<testsuite hostname="DESKTOP-D8Q9LKI" ignored="0" name="Web Tests" tests="7" failures="0" timestamp="2020-11-05T21:21:58 IST" time="48.261" errors="0">
  <testcase name="test01_login" time="2.4" classname="SanityTests.avazaWeb"/>
  <testcase name="test02_verifyYouAreTheOnlyUser" time="1.462" classname="SanityTests.avazaWeb"/>
  <testcase name="test03_addAndVerifyNewUser" time="3.81" classname="SanityTests.avazaWeb"/>
  <testcase name="test04_deleteAndVerifyTheNewUser" time="2.482" classname="SanityTests.avazaWeb"/>
  <testcase name="test05_addNewWeatherTask" time="10.958" classname="SanityTests.avazaWeb"/>
  <testcase name="test06_addNewChuckNorrisJokeTask" time="5.534" classname="SanityTests.avazaWeb"/>
  <testcase name="test07_visualTestingOfTheAvatar" time="2.363" classname="SanityTests.avazaWeb"/>
</testsuite> <!-- Web Tests -->
