<?xml version="1.0" encoding="UTF-8"?>
<!-- Generated by org.testng.reporters.JUnitXMLReporter -->
<testsuite hostname="DESKTOP-D8Q9LKI" ignored="0" name="Web Tests" tests="7" failures="0" timestamp="2020-11-05T22:49:28 IST" time="43.925" errors="0">
  <testcase name="test01_login" time="2.817" classname="SanityTests.avazaWeb"/>
  <testcase name="test02_verifyYouAreTheOnlyUser" time="1.616" classname="SanityTests.avazaWeb"/>
  <testcase name="test03_addAndVerifyNewUser" time="3.605" classname="SanityTests.avazaWeb"/>
  <testcase name="test04_deleteAndVerifyTheNewUser" time="2.529" classname="SanityTests.avazaWeb"/>
  <testcase name="test05_addNewWeatherTask" time="11.966" classname="SanityTests.avazaWeb"/>
  <testcase name="test06_addNewChuckNorrisJokeTask" time="5.546" classname="SanityTests.avazaWeb"/>
  <testcase name="test07_visualTestingOfTheAvatar" time="0.683" classname="SanityTests.avazaWeb"/>
</testsuite> <!-- Web Tests -->
