<?xml version="1.0" encoding="UTF-8"?>
<testsuite xmlns:xsi="http://www.w3.org/2001/XMLSchema-instance" xsi:noNamespaceSchemaLocation="https://maven.apache.org/surefire/maven-surefire-plugin/xsd/surefire-test-report.xsd" name="SanityTests.avazaAPI" time="21.349" tests="3" errors="0" skipped="0" failures="0">
  <properties>
[...]
</properties>
  <testcase name="test01_getProjectsNameFromServerAndVerify" classname="SanityTests.avazaAPI" time="4.249"/>
  <testcase name="test02_postTasksToServerAndVerify" classname="SanityTests.avazaAPI" time="7.155"/>
  <testcase name="test03_deleteTaskFromServerAndVerify" classname="SanityTests.avazaAPI" time="5.295"/>
</testsuite>