<?xml version="1.0" encoding="UTF-8"?>
<testng-results skipped="0" failed="0" ignored="0" total="3" passed="3">
  <reporter-output>
  </reporter-output>
  <suite name="Suite" duration-ms="19574" started-at="2020-11-05T22:50:15 IST" finished-at="2020-11-05T22:50:35 IST">
    <groups>
    </groups>
    <test name="API Tests" duration-ms="19574" started-at="2020-11-05T22:50:15 IST" finished-at="2020-11-05T22:50:35 IST">
      <class name="SanityTests.avazaAPI">
        <test-method status="PASS" signature="startSession(java.lang.String)[pri:0, instance:SanityTests.avazaAPI@132ddbab]" name="startSession" is-config="true" duration-ms="2759" started-at="2020-11-05T22:50:15 IST" finished-at="2020-11-05T22:50:18 IST">
          <params>
            <param index="0">
              <value>
                <![CDATA[api]]>
              </value>
            </param>
          </params>
          <reporter-output>
          </reporter-output>
        </test-method> <!-- startSession -->
        <test-method status="PASS" signature="test01_getProjectsNameFromServerAndVerify()[pri:0, instance:SanityTests.avazaAPI@132ddbab]" name="test01_getProjectsNameFromServerAndVerify" duration-ms="4255" started-at="2020-11-05T22:50:18 IST" description="Test01: Get projects information from the server" finished-at="2020-11-05T22:50:22 IST">
          <reporter-output>
          </reporter-output>
        </test-method> <!-- test01_getProjectsNameFromServerAndVerify -->
        <test-method status="PASS" signature="afterMethod()[pri:0, instance:SanityTests.avazaAPI@132ddbab]" name="afterMethod" is-config="true" duration-ms="0" started-at="2020-11-05T22:50:23 IST" finished-at="2020-11-05T22:50:23 IST">
          <reporter-output>
          </reporter-output>
        </test-method> <!-- afterMethod -->
        <test-method status="PASS" signature="test02_postTasksToServerAndVerify()[pri:1, instance:SanityTests.avazaAPI@132ddbab]" name="test02_postTasksToServerAndVerify" duration-ms="7055" started-at="2020-11-05T22:50:23 IST" description="Test02: Post new task to server" finished-at="2020-11-05T22:50:30 IST">
          <reporter-output>
          </reporter-output>
        </test-method> <!-- test02_postTasksToServerAndVerify -->
        <test-method status="PASS" signature="afterMethod()[pri:0, instance:SanityTests.avazaAPI@132ddbab]" name="afterMethod" is-config="true" duration-ms="1" started-at="2020-11-05T22:50:30 IST" finished-at="2020-11-05T22:50:30 IST">
          <reporter-output>
          </reporter-output>
        </test-method> <!-- afterMethod -->
        <test-method status="PASS" signature="test03_deleteTaskFromServerAndVerify()[pri:2, instance:SanityTests.avazaAPI@132ddbab]" name="test03_deleteTaskFromServerAndVerify" duration-ms="5325" started-at="2020-11-05T22:50:30 IST" description="Test03: Delete task from server" finished-at="2020-11-05T22:50:35 IST">
          <reporter-output>
          </reporter-output>
        </test-method> <!-- test03_deleteTaskFromServerAndVerify -->
        <test-method status="PASS" signature="afterMethod()[pri:0, instance:SanityTests.avazaAPI@132ddbab]" name="afterMethod" is-config="true" duration-ms="1" started-at="2020-11-05T22:50:35 IST" finished-at="2020-11-05T22:50:35 IST">
          <reporter-output>
          </reporter-output>
        </test-method> <!-- afterMethod -->
        <test-method status="PASS" signature="closeSession()[pri:0, instance:SanityTests.avazaAPI@132ddbab]" name="closeSession" is-config="true" duration-ms="2" started-at="2020-11-05T22:50:35 IST" finished-at="2020-11-05T22:50:35 IST">
          <reporter-output>
          </reporter-output>
        </test-method> <!-- closeSession -->
      </class> <!-- SanityTests.avazaAPI -->
    </test> <!-- API Tests -->
  </suite> <!-- Suite -->
</testng-results>
